2020-07-15 11:35:52,169 - Console - INFO - App Started
2020-07-15 11:35:53,201 - Console - DEBUG - Processo: StatusMonitor.exe - Iniciado
2020-07-15 11:35:53,216 - Console - DEBUG - Processo: SmartEditor.exe - Iniciado
2020-07-15 12:35:57,422 - Console - DEBUG - Processo: StatusMonitor.exe - Finalizado
2020-07-15 12:35:57,422 - Console - DEBUG - Processo: SmartEditor.exe - Finalizado
2020-07-15 12:36:08,453 - Console - DEBUG - Processo: StatusMonitor.exe - Iniciado
2020-07-15 12:36:08,453 - Console - DEBUG - Processo: SmartEditor.exe - Iniciado
2020-07-15 13:36:12,482 - Console - DEBUG - Processo: StatusMonitor.exe - Finalizado
2020-07-15 13:36:12,482 - Console - DEBUG - Processo: SmartEditor.exe - Finalizado
2020-07-15 13:36:23,513 - Console - DEBUG - Processo: StatusMonitor.exe - Iniciado
2020-07-15 13:36:23,513 - Console - DEBUG - Processo: SmartEditor.exe - Iniciado
2020-07-15 14:36:27,682 - Console - DEBUG - Processo: StatusMonitor.exe - Finalizado
2020-07-15 14:36:27,682 - Console - DEBUG - Processo: SmartEditor.exe - Finalizado
2020-07-15 14:36:38,713 - Console - DEBUG - Processo: StatusMonitor.exe - Iniciado
2020-07-15 14:36:38,713 - Console - DEBUG - Processo: SmartEditor.exe - Iniciado
2020-07-15 15:36:43,178 - Console - DEBUG - Processo: StatusMonitor.exe - Finalizado
2020-07-15 15:36:43,178 - Console - DEBUG - Processo: SmartEditor.exe - Finalizado
2020-07-15 15:36:54,194 - Console - DEBUG - Processo: StatusMonitor.exe - Iniciado
2020-07-15 15:36:54,194 - Console - DEBUG - Processo: SmartEditor.exe - Iniciado
2020-07-15 16:36:57,976 - Console - DEBUG - Processo: StatusMonitor.exe - Finalizado
2020-07-15 16:36:57,976 - Console - DEBUG - Processo: SmartEditor.exe - Finalizado
2020-07-15 16:37:08,992 - Console - DEBUG - Processo: StatusMonitor.exe - Iniciado
2020-07-15 16:37:09,007 - Console - DEBUG - Processo: SmartEditor.exe - Iniciado
2020-07-15 17:37:13,373 - Console - DEBUG - Processo: StatusMonitor.exe - Finalizado
2020-07-15 17:37:13,373 - Console - DEBUG - Processo: SmartEditor.exe - Finalizado
2020-07-15 17:37:24,389 - Console - DEBUG - Processo: StatusMonitor.exe - Iniciado
2020-07-15 17:37:24,405 - Console - DEBUG - Processo: SmartEditor.exe - Iniciado
2020-07-15 18:37:28,308 - Console - DEBUG - Processo: StatusMonitor.exe - Finalizado
2020-07-15 18:37:28,308 - Console - DEBUG - Processo: SmartEditor.exe - Finalizado
2020-07-15 18:37:39,339 - Console - DEBUG - Processo: StatusMonitor.exe - Iniciado
2020-07-15 18:37:39,339 - Console - DEBUG - Processo: SmartEditor.exe - Iniciado
2020-07-15 19:37:43,069 - Console - DEBUG - Processo: StatusMonitor.exe - Finalizado
2020-07-15 19:37:43,069 - Console - DEBUG - Processo: SmartEditor.exe - Finalizado
2020-07-15 19:37:54,115 - Console - DEBUG - Processo: StatusMonitor.exe - Iniciado
2020-07-15 19:37:54,115 - Console - DEBUG - Processo: SmartEditor.exe - Iniciado
2020-07-15 20:37:58,318 - Console - DEBUG - Processo: StatusMonitor.exe - Finalizado
2020-07-15 20:37:58,318 - Console - DEBUG - Processo: SmartEditor.exe - Finalizado
2020-07-15 20:38:09,350 - Console - DEBUG - Processo: StatusMonitor.exe - Iniciado
2020-07-15 20:38:09,365 - Console - DEBUG - Processo: SmartEditor.exe - Iniciado
2020-07-15 21:38:13,474 - Console - DEBUG - Processo: StatusMonitor.exe - Finalizado
2020-07-15 21:38:13,474 - Console - DEBUG - Processo: SmartEditor.exe - Finalizado
2020-07-15 21:38:24,490 - Console - DEBUG - Processo: StatusMonitor.exe - Iniciado
2020-07-15 21:38:24,505 - Console - DEBUG - Processo: SmartEditor.exe - Iniciado
2020-07-15 22:38:28,377 - Console - DEBUG - Processo: StatusMonitor.exe - Finalizado
2020-07-15 22:38:28,377 - Console - DEBUG - Processo: SmartEditor.exe - Finalizado
2020-07-15 22:38:39,393 - Console - DEBUG - Processo: StatusMonitor.exe - Iniciado
2020-07-15 22:38:39,408 - Console - DEBUG - Processo: SmartEditor.exe - Iniciado
2020-07-15 23:30:05,347 - Console - DEBUG - Servidor Reiniciado por Horario Definido
2020-07-15 23:30:16,407 - Console - DEBUG - Servidor Reiniciado por Horario Definido
2020-07-15 23:32:59,444 - Console - INFO - App Started
2020-07-15 23:33:01,210 - Console - DEBUG - Processo: StatusMonitor.exe - Iniciado
2020-07-15 23:33:01,444 - Console - DEBUG - Processo: SmartEditor.exe - Iniciado
2020-07-16 22:48:24,635 - Console - DEBUG - Processo: StatusMonitor.exe - Iniciado
2020-07-16 23:30:06,878 - Console - DEBUG - Servidor Reiniciado por Horario Definido
2020-07-16 23:30:18,004 - Console - DEBUG - Servidor Reiniciado por Horario Definido
2020-07-16 23:32:59,968 - Console - INFO - App Started
2020-07-16 23:33:01,858 - Console - DEBUG - Processo: StatusMonitor.exe - Iniciado
2020-07-16 23:33:01,968 - Console - DEBUG - Processo: SmartEditor.exe - Iniciado
2020-07-17 23:30:00,467 - Console - DEBUG - Servidor Reiniciado por Horario Definido
2020-07-17 23:30:11,599 - Console - DEBUG - Servidor Reiniciado por Horario Definido
2020-07-17 23:33:03,589 - Console - INFO - App Started
2020-07-17 23:33:05,261 - Console - DEBUG - Processo: StatusMonitor.exe - Iniciado
2020-07-17 23:33:05,386 - Console - DEBUG - Processo: SmartEditor.exe - Iniciado
2020-07-18 23:30:02,589 - Console - DEBUG - Servidor Reiniciado por Horario Definido
2020-07-18 23:30:13,695 - Console - DEBUG - Servidor Reiniciado por Horario Definido
2020-07-18 23:32:59,653 - Console - INFO - App Started
2020-07-18 23:33:01,434 - Console - DEBUG - Processo: StatusMonitor.exe - Iniciado
2020-07-18 23:33:01,559 - Console - DEBUG - Processo: SmartEditor.exe - Iniciado
2020-07-19 23:30:04,943 - Console - DEBUG - Servidor Reiniciado por Horario Definido
2020-07-19 23:30:16,069 - Console - DEBUG - Servidor Reiniciado por Horario Definido
2020-07-19 23:32:52,570 - Console - INFO - App Started
2020-07-19 23:32:54,320 - Console - DEBUG - Processo: StatusMonitor.exe - Iniciado
2020-07-19 23:32:54,445 - Console - DEBUG - Processo: SmartEditor.exe - Iniciado
2020-07-20 23:30:05,790 - Console - DEBUG - Servidor Reiniciado por Horario Definido
2020-07-20 23:30:16,871 - Console - DEBUG - Servidor Reiniciado por Horario Definido
2020-07-20 23:30:27,915 - Console - DEBUG - Servidor Reiniciado por Horario Definido
2020-07-20 23:33:04,107 - Console - INFO - App Started
2020-07-20 23:33:05,747 - Console - DEBUG - Processo: StatusMonitor.exe - Iniciado
2020-07-20 23:33:05,888 - Console - DEBUG - Processo: SmartEditor.exe - Iniciado
2020-07-21 16:07:08,211 - Console - DEBUG - Processo: StatusMonitor.exe - Iniciado
2020-07-21 16:07:08,211 - Console - DEBUG - Processo: SmartEditor.exe - Iniciado
2020-07-21 16:07:52,352 - Console - DEBUG - Processo: SmartEditor.exe - Iniciado
2020-07-21 17:07:13,198 - Console - DEBUG - Processo: StatusMonitor.exe - Finalizado
2020-07-21 17:07:24,214 - Console - DEBUG - Processo: StatusMonitor.exe - Iniciado
2020-07-21 17:07:57,370 - Console - DEBUG - Processo: SmartEditor.exe - Finalizado
2020-07-21 17:08:08,386 - Console - DEBUG - Processo: SmartEditor.exe - Iniciado
2020-07-21 18:07:29,810 - Console - DEBUG - Processo: StatusMonitor.exe - Finalizado
2020-07-21 18:07:40,826 - Console - DEBUG - Processo: StatusMonitor.exe - Iniciado
2020-07-21 18:08:13,904 - Console - DEBUG - Processo: SmartEditor.exe - Finalizado
2020-07-21 18:08:24,919 - Console - DEBUG - Processo: SmartEditor.exe - Iniciado
2020-07-21 19:07:45,753 - Console - DEBUG - Processo: StatusMonitor.exe - Finalizado
2020-07-21 19:07:56,768 - Console - DEBUG - Processo: StatusMonitor.exe - Iniciado
2020-07-21 19:08:29,847 - Console - DEBUG - Processo: SmartEditor.exe - Finalizado
2020-07-21 19:08:40,893 - Console - DEBUG - Processo: SmartEditor.exe - Iniciado
2020-07-21 20:08:01,616 - Console - DEBUG - Processo: StatusMonitor.exe - Finalizado
2020-07-21 20:08:12,647 - Console - DEBUG - Processo: StatusMonitor.exe - Iniciado
2020-07-21 20:08:45,709 - Console - DEBUG - Processo: SmartEditor.exe - Finalizado
2020-07-21 20:08:56,725 - Console - DEBUG - Processo: SmartEditor.exe - Iniciado
2020-07-21 21:08:17,946 - Console - DEBUG - Processo: StatusMonitor.exe - Finalizado
2020-07-21 21:08:28,977 - Console - DEBUG - Processo: StatusMonitor.exe - Iniciado
2020-07-21 21:09:02,040 - Console - DEBUG - Processo: SmartEditor.exe - Finalizado
2020-07-21 21:09:13,056 - Console - DEBUG - Processo: SmartEditor.exe - Iniciado
2020-07-21 22:08:34,168 - Console - DEBUG - Processo: StatusMonitor.exe - Finalizado
2020-07-21 22:08:45,183 - Console - DEBUG - Processo: StatusMonitor.exe - Iniciado
2020-07-21 22:09:18,355 - Console - DEBUG - Processo: SmartEditor.exe - Finalizado
2020-07-21 22:09:29,402 - Console - DEBUG - Processo: SmartEditor.exe - Iniciado
2020-07-21 23:08:49,920 - Console - DEBUG - Processo: StatusMonitor.exe - Finalizado
2020-07-21 23:09:00,951 - Console - DEBUG - Processo: StatusMonitor.exe - Iniciado
2020-07-21 23:09:33,998 - Console - DEBUG - Processo: SmartEditor.exe - Finalizado
2020-07-21 23:09:45,014 - Console - DEBUG - Processo: SmartEditor.exe - Iniciado
2020-07-21 23:30:08,780 - Console - DEBUG - Servidor Reiniciado por Horario Definido
2020-07-21 23:30:19,869 - Console - DEBUG - Servidor Reiniciado por Horario Definido
2020-07-21 23:33:10,097 - Console - INFO - App Started
2020-07-21 23:33:11,816 - Console - DEBUG - Processo: StatusMonitor.exe - Iniciado
2020-07-21 23:33:11,988 - Console - DEBUG - Processo: SmartEditor.exe - Iniciado
2020-07-22 11:32:28,752 - Console - CRITICAL - Erro: [WinError 1332] Não foi feito mapeamento entre os nomes de conta e as identificações de segurança: '(originated from LookupAccountSidW)'
2020-07-28 11:03:58,963 - Console - INFO - App Started
2020-07-28 11:04:00,854 - Console - DEBUG - Processo: StatusMonitor.exe - Iniciado
2020-07-28 11:04:01,041 - Console - DEBUG - Processo: SmartEditor.exe - Iniciado
2020-07-28 11:38:28,679 - Console - INFO - App Started
2020-07-28 11:38:29,726 - Console - DEBUG - Processo: StatusMonitor.exe - Iniciado
2020-07-28 11:38:29,742 - Console - DEBUG - Processo: SmartEditor.exe - Iniciado
2020-07-28 12:38:39,041 - Console - DEBUG - Processo: StatusMonitor.exe - Finalizado
2020-07-28 12:38:39,041 - Console - DEBUG - Processo: SmartEditor.exe - Finalizado
2020-07-28 12:38:50,088 - Console - DEBUG - Processo: StatusMonitor.exe - Iniciado
2020-07-28 12:38:50,088 - Console - DEBUG - Processo: SmartEditor.exe - Iniciado
2020-07-28 13:38:59,688 - Console - DEBUG - Processo: StatusMonitor.exe - Finalizado
2020-07-28 13:38:59,688 - Console - DEBUG - Processo: SmartEditor.exe - Finalizado
2020-07-28 13:39:10,703 - Console - DEBUG - Processo: StatusMonitor.exe - Iniciado
2020-07-28 13:39:10,703 - Console - DEBUG - Processo: SmartEditor.exe - Iniciado
2020-07-28 14:39:20,613 - Console - DEBUG - Processo: StatusMonitor.exe - Finalizado
2020-07-28 14:39:20,613 - Console - DEBUG - Processo: SmartEditor.exe - Finalizado
2020-07-28 14:39:31,657 - Console - DEBUG - Processo: StatusMonitor.exe - Iniciado
2020-07-28 14:39:31,673 - Console - DEBUG - Processo: SmartEditor.exe - Iniciado
2020-07-28 15:39:40,488 - Console - DEBUG - Processo: StatusMonitor.exe - Finalizado
2020-07-28 15:39:40,488 - Console - DEBUG - Processo: SmartEditor.exe - Finalizado
2020-07-28 15:39:51,504 - Console - DEBUG - Processo: StatusMonitor.exe - Iniciado
2020-07-28 15:39:51,519 - Console - DEBUG - Processo: SmartEditor.exe - Iniciado
2020-07-28 16:40:00,709 - Console - DEBUG - Processo: StatusMonitor.exe - Finalizado
2020-07-28 16:40:00,709 - Console - DEBUG - Processo: SmartEditor.exe - Finalizado
2020-07-28 16:40:11,740 - Console - DEBUG - Processo: StatusMonitor.exe - Iniciado
2020-07-28 16:40:11,756 - Console - DEBUG - Processo: SmartEditor.exe - Iniciado
2020-07-28 17:40:19,935 - Console - DEBUG - Processo: StatusMonitor.exe - Finalizado
2020-07-28 17:40:19,935 - Console - DEBUG - Processo: SmartEditor.exe - Finalizado
2020-07-28 17:40:30,966 - Console - DEBUG - Processo: StatusMonitor.exe - Iniciado
2020-07-28 17:40:30,982 - Console - DEBUG - Processo: SmartEditor.exe - Iniciado
2020-07-28 18:40:39,233 - Console - DEBUG - Processo: StatusMonitor.exe - Finalizado
2020-07-28 18:40:39,233 - Console - DEBUG - Processo: SmartEditor.exe - Finalizado
2020-07-28 18:40:50,264 - Console - DEBUG - Processo: StatusMonitor.exe - Iniciado
2020-07-28 18:40:50,280 - Console - DEBUG - Processo: SmartEditor.exe - Iniciado
2020-07-28 19:40:59,697 - Console - DEBUG - Processo: StatusMonitor.exe - Finalizado
2020-07-28 19:40:59,697 - Console - DEBUG - Processo: SmartEditor.exe - Finalizado
2020-07-28 19:41:10,728 - Console - DEBUG - Processo: StatusMonitor.exe - Iniciado
2020-07-28 19:41:10,728 - Console - DEBUG - Processo: SmartEditor.exe - Iniciado
2020-07-28 20:41:19,236 - Console - DEBUG - Processo: StatusMonitor.exe - Finalizado
2020-07-28 20:41:19,236 - Console - DEBUG - Processo: SmartEditor.exe - Finalizado
2020-07-28 20:41:30,255 - Console - DEBUG - Processo: StatusMonitor.exe - Iniciado
2020-07-28 20:41:30,271 - Console - DEBUG - Processo: SmartEditor.exe - Iniciado
2020-07-28 21:41:39,214 - Console - DEBUG - Processo: StatusMonitor.exe - Finalizado
2020-07-28 21:41:39,214 - Console - DEBUG - Processo: SmartEditor.exe - Finalizado
2020-07-28 21:41:50,229 - Console - DEBUG - Processo: StatusMonitor.exe - Iniciado
2020-07-28 21:41:50,245 - Console - DEBUG - Processo: SmartEditor.exe - Iniciado
2020-07-28 22:41:59,698 - Console - DEBUG - Processo: StatusMonitor.exe - Finalizado
2020-07-28 22:41:59,698 - Console - DEBUG - Processo: SmartEditor.exe - Finalizado
2020-07-28 22:42:10,760 - Console - DEBUG - Processo: StatusMonitor.exe - Iniciado
2020-07-28 22:42:10,792 - Console - DEBUG - Processo: SmartEditor.exe - Iniciado
2020-07-28 23:30:00,439 - Console - DEBUG - Servidor Reiniciado por Horario Definido
2020-07-28 23:33:34,712 - Console - INFO - App Started
2020-07-28 23:33:36,431 - Console - DEBUG - Processo: StatusMonitor.exe - Iniciado
2020-07-28 23:33:36,556 - Console - DEBUG - Processo: SmartEditor.exe - Iniciado
2020-07-29 15:04:33,356 - Console - DEBUG - Processo: SmartEditor.exe - Iniciado
2020-07-29 15:05:06,468 - Console - DEBUG - Processo: SmartEditor.exe - Iniciado
2020-07-29 15:07:51,858 - Console - DEBUG - Processo: SmartEditor.exe - Iniciado
2020-07-29 15:08:02,889 - Console - DEBUG - Processo: SmartEditor.exe - Iniciado
2020-07-29 15:08:05,485 - Console - INFO - App Started
2020-07-29 15:08:12,720 - Console - INFO - App Started
2020-07-29 15:08:13,751 - Console - DEBUG - Processo: SmartEditor.exe - Iniciado
2020-07-29 15:10:22,392 - Console - INFO - App Started
2020-07-29 15:10:23,424 - Console - DEBUG - Processo: StatusMonitor.exe - Iniciado
2020-07-29 15:10:23,424 - Console - DEBUG - Processo: SmartEditor.exe - Iniciado
2020-07-29 15:13:53,081 - Console - DEBUG - Processo: SmartEditor.exe - Iniciado
2020-07-29 15:14:37,268 - Console - DEBUG - Processo: SmartEditor.exe - Iniciado
2020-07-29 15:15:10,409 - Console - DEBUG - Processo: SmartEditor.exe - Iniciado
2020-07-29 16:10:26,828 - Console - INFO - App Started
2020-07-29 16:10:27,875 - Console - DEBUG - Processo: StatusMonitor.exe - Iniciado
2020-07-29 16:10:27,891 - Console - DEBUG - Processo: SmartEditor.exe - Iniciado
2020-07-29 16:11:23,125 - Console - DEBUG - Processo: StatusMonitor.exe - Iniciado
2020-07-29 16:11:23,125 - Console - DEBUG - Processo: SmartEditor.exe - Iniciado
2020-07-29 17:11:31,401 - Console - DEBUG - Processo: StatusMonitor.exe - Finalizado
2020-07-29 17:11:31,401 - Console - DEBUG - Processo: SmartEditor.exe - Finalizado
2020-07-29 17:11:42,448 - Console - DEBUG - Processo: StatusMonitor.exe - Iniciado
2020-07-29 17:11:42,448 - Console - DEBUG - Processo: SmartEditor.exe - Iniciado
2020-07-29 18:11:48,137 - Console - DEBUG - Processo: StatusMonitor.exe - Finalizado
2020-07-29 18:11:48,152 - Console - DEBUG - Processo: SmartEditor.exe - Finalizado
2020-07-29 18:11:59,211 - Console - DEBUG - Processo: StatusMonitor.exe - Iniciado
2020-07-29 18:11:59,226 - Console - DEBUG - Processo: SmartEditor.exe - Iniciado
2020-07-29 19:12:08,118 - Console - DEBUG - Processo: StatusMonitor.exe - Finalizado
2020-07-29 19:12:08,118 - Console - DEBUG - Processo: SmartEditor.exe - Finalizado
2020-07-29 19:12:19,165 - Console - DEBUG - Processo: StatusMonitor.exe - Iniciado
2020-07-29 19:12:19,180 - Console - DEBUG - Processo: SmartEditor.exe - Iniciado
2020-07-29 20:12:25,917 - Console - DEBUG - Processo: StatusMonitor.exe - Finalizado
2020-07-29 20:12:25,917 - Console - DEBUG - Processo: SmartEditor.exe - Finalizado
2020-07-29 20:12:36,933 - Console - DEBUG - Processo: StatusMonitor.exe - Iniciado
2020-07-29 20:12:36,948 - Console - DEBUG - Processo: SmartEditor.exe - Iniciado
2020-07-29 21:12:46,011 - Console - DEBUG - Processo: StatusMonitor.exe - Finalizado
2020-07-29 21:12:46,011 - Console - DEBUG - Processo: SmartEditor.exe - Finalizado
2020-07-29 21:12:57,026 - Console - DEBUG - Processo: StatusMonitor.exe - Iniciado
2020-07-29 21:12:57,042 - Console - DEBUG - Processo: SmartEditor.exe - Iniciado
2020-07-29 22:13:03,188 - Console - DEBUG - Processo: StatusMonitor.exe - Finalizado
2020-07-29 22:13:03,188 - Console - DEBUG - Processo: SmartEditor.exe - Finalizado
2020-07-29 22:13:14,204 - Console - DEBUG - Processo: StatusMonitor.exe - Iniciado
2020-07-29 22:13:14,220 - Console - DEBUG - Processo: SmartEditor.exe - Iniciado
2020-07-29 23:13:22,091 - Console - DEBUG - Processo: StatusMonitor.exe - Finalizado
2020-07-29 23:13:22,091 - Console - DEBUG - Processo: SmartEditor.exe - Finalizado
2020-07-29 23:13:33,106 - Console - DEBUG - Processo: StatusMonitor.exe - Iniciado
2020-07-29 23:13:33,106 - Console - DEBUG - Processo: SmartEditor.exe - Iniciado
2020-07-29 23:30:05,331 - Console - DEBUG - Servidor Reiniciado por Horario Definido
2020-07-29 23:32:57,940 - Console - INFO - App Started
2020-07-29 23:32:59,815 - Console - DEBUG - Processo: StatusMonitor.exe - Iniciado
2020-07-29 23:32:59,971 - Console - DEBUG - Processo: SmartEditor.exe - Iniciado
2020-07-30 23:30:03,359 - Console - DEBUG - Servidor Reiniciado por Horario Definido
2020-07-30 23:32:55,667 - Console - INFO - App Started
2020-07-30 23:32:57,480 - Console - DEBUG - Processo: StatusMonitor.exe - Iniciado
2020-07-30 23:32:57,573 - Console - DEBUG - Processo: SmartEditor.exe - Iniciado
2020-08-03 17:02:22,557 - Console - INFO - App Started
2020-08-03 17:02:24,291 - Console - DEBUG - Processo: StatusMonitor.exe - Iniciado
2020-08-03 17:02:24,432 - Console - DEBUG - Processo: SmartEditor.exe - Iniciado
2020-08-03 18:02:30,165 - Console - DEBUG - Processo: StatusMonitor.exe - Finalizado
2020-08-03 18:02:30,165 - Console - DEBUG - Processo: SmartEditor.exe - Finalizado
2020-08-03 18:07:49,963 - Console - DEBUG - Processo: StatusMonitor.exe - Finalizado
2020-08-03 18:08:00,978 - Console - DEBUG - Processo: StatusMonitor.exe - Iniciado
2020-08-03 18:08:34,041 - Console - DEBUG - Processo: SmartEditor.exe - Finalizado
2020-08-03 18:08:45,088 - Console - DEBUG - Processo: SmartEditor.exe - Iniciado
2020-08-03 19:08:08,473 - Console - DEBUG - Processo: StatusMonitor.exe - Finalizado
2020-08-03 19:08:19,535 - Console - DEBUG - Processo: StatusMonitor.exe - Iniciado
2020-08-03 19:08:52,631 - Console - DEBUG - Processo: SmartEditor.exe - Finalizado
2020-08-03 19:09:03,678 - Console - DEBUG - Processo: SmartEditor.exe - Iniciado
2020-08-03 20:08:27,288 - Console - DEBUG - Processo: StatusMonitor.exe - Finalizado
2020-08-03 20:08:38,335 - Console - DEBUG - Processo: StatusMonitor.exe - Iniciado
2020-08-03 20:09:11,460 - Console - DEBUG - Processo: SmartEditor.exe - Finalizado
2020-08-03 20:09:22,492 - Console - DEBUG - Processo: SmartEditor.exe - Iniciado
2020-08-03 21:08:46,216 - Console - DEBUG - Processo: StatusMonitor.exe - Finalizado
2020-08-03 21:08:57,248 - Console - DEBUG - Processo: StatusMonitor.exe - Iniciado
2020-08-03 21:09:30,347 - Console - DEBUG - Processo: SmartEditor.exe - Finalizado
2020-08-03 21:09:41,394 - Console - DEBUG - Processo: SmartEditor.exe - Iniciado
2020-08-03 22:09:05,256 - Console - DEBUG - Processo: StatusMonitor.exe - Finalizado
2020-08-03 22:09:16,288 - Console - DEBUG - Processo: StatusMonitor.exe - Iniciado
2020-08-03 22:09:49,397 - Console - DEBUG - Processo: SmartEditor.exe - Finalizado
2020-08-03 22:10:00,460 - Console - DEBUG - Processo: SmartEditor.exe - Iniciado
2020-08-03 23:09:23,890 - Console - DEBUG - Processo: StatusMonitor.exe - Finalizado
2020-08-03 23:09:34,968 - Console - DEBUG - Processo: StatusMonitor.exe - Iniciado
2020-08-03 23:10:08,047 - Console - DEBUG - Processo: SmartEditor.exe - Finalizado
2020-08-03 23:10:19,094 - Console - DEBUG - Processo: SmartEditor.exe - Iniciado
2020-08-03 23:30:10,599 - Console - DEBUG - Servidor Reiniciado por Horario Definido
2020-08-03 23:33:08,163 - Console - INFO - App Started
2020-08-03 23:33:10,428 - Console - DEBUG - Processo: StatusMonitor.exe - Iniciado
2020-08-03 23:33:10,585 - Console - DEBUG - Processo: SmartEditor.exe - Iniciado
2020-08-04 23:30:09,595 - Console - DEBUG - Servidor Reiniciado por Horario Definido
2020-08-04 23:32:58,461 - Console - INFO - App Started
2020-08-04 23:33:00,054 - Console - DEBUG - Processo: StatusMonitor.exe - Iniciado
2020-08-04 23:33:00,164 - Console - DEBUG - Processo: SmartEditor.exe - Iniciado
2020-08-05 23:30:02,223 - Console - DEBUG - Servidor Reiniciado por Horario Definido
2020-08-05 23:33:14,524 - Console - INFO - App Started
2020-08-05 23:33:16,462 - Console - DEBUG - Processo: StatusMonitor.exe - Iniciado
2020-08-05 23:33:16,853 - Console - DEBUG - Processo: SmartEditor.exe - Iniciado
2020-08-06 23:30:08,465 - Console - DEBUG - Servidor Reiniciado por Horario Definido
2020-08-06 23:33:01,258 - Console - INFO - App Started
2020-08-06 23:33:02,977 - Console - DEBUG - Processo: StatusMonitor.exe - Iniciado
2020-08-06 23:33:03,180 - Console - DEBUG - Processo: SmartEditor.exe - Iniciado
2020-08-07 23:30:01,348 - Console - DEBUG - Servidor Reiniciado por Horario Definido
2020-08-07 23:32:46,595 - Console - INFO - App Started
2020-08-07 23:32:48,486 - Console - DEBUG - Processo: StatusMonitor.exe - Iniciado
2020-08-07 23:32:48,720 - Console - DEBUG - Processo: SmartEditor.exe - Iniciado
2020-08-08 23:30:10,527 - Console - DEBUG - Servidor Reiniciado por Horario Definido
2020-08-08 23:33:05,174 - Console - INFO - App Started
2020-08-08 23:33:07,189 - Console - DEBUG - Processo: StatusMonitor.exe - Iniciado
2020-08-08 23:33:07,470 - Console - DEBUG - Processo: SmartEditor.exe - Iniciado
2020-08-09 23:30:03,207 - Console - DEBUG - Servidor Reiniciado por Horario Definido
2020-08-09 23:33:12,184 - Console - INFO - App Started
2020-08-09 23:33:13,809 - Console - DEBUG - Processo: StatusMonitor.exe - Iniciado
2020-08-09 23:33:13,965 - Console - DEBUG - Processo: SmartEditor.exe - Iniciado
2020-08-10 23:30:09,118 - Console - DEBUG - Servidor Reiniciado por Horario Definido
2020-08-10 23:32:55,614 - Console - INFO - App Started
2020-08-10 23:32:57,724 - Console - DEBUG - Processo: StatusMonitor.exe - Iniciado
2020-08-10 23:32:57,864 - Console - DEBUG - Processo: SmartEditor.exe - Iniciado
